<?xml version="1.0" encoding="UTF-8"?>
<!-- Generated by org.testng.reporters.JUnitXMLReporter -->
<testsuite hostname="LWO-NirushS" ignored="0" name="Test" tests="1" failures="1" timestamp="23 Aug 2019 09:11:11 GMT" time="1021.363" errors="0">
  <testcase name="@AfterMethod closeApplication" time="0.021" classname="generic.BaseTest">
    <failure type="org.openqa.selenium.NoSuchWindowException" message="Unable to get browser
Build info: version: &amp;apos;3.7.1&amp;apos;, revision: &amp;apos;8a0099a&amp;apos;, time: &amp;apos;2017-11-06T21:07:36.161Z&amp;apos;
System info: host: &amp;apos;LWO-NIRUSHS&amp;apos;, ip: &amp;apos;192.168.32.151&amp;apos;, os.name: &amp;apos;Windows 10&amp;apos;, os.arch: &amp;apos;amd64&amp;apos;, os.version: &amp;apos;10.0&amp;apos;, java.version: &amp;apos;1.8.0_201&amp;apos;
Driver info: org.openqa.selenium.ie.InternetExplorerDriver
Capabilities {acceptInsecureCerts: false, browserName: internet explorer, browserVersion: 11, javascriptEnabled: true, pageLoadStrategy: normal, platform: WINDOWS, platformName: WINDOWS, proxy: Proxy(), se:ieOptions: {browserAttachTimeout: 0, elementScrollBehavior: 0, enablePersistentHover: true, ie.browserCommandLineSwitches: , ie.ensureCleanSession: false, ie.fileUploadDialogTimeout: 3000, ie.forceCreateProcessApi: false, ignoreProtectedModeSettings: false, ignoreZoomSetting: false, initialBrowserUrl: http://localhost:22806/, nativeEvents: true, requireWindowFocus: false}, setWindowRect: true, timeouts: {implicit: 0, pageLoad: 300000, script: 30000}}
Session ID: 2eda190e-81ef-495d-bd97-154be414c3c3">
      <![CDATA[org.openqa.selenium.NoSuchWindowException: Unable to get browserBuild info: version: '3.7.1', revision: '8a0099a', time: '2017-11-06T21:07:36.161Z'System info: host: 'LWO-NIRUSHS', ip: '192.168.32.151', os.name: 'Windows 10', os.arch: 'amd64', os.version: '10.0', java.version: '1.8.0_201'Driver info: org.openqa.selenium.ie.InternetExplorerDriverCapabilities {acceptInsecureCerts: false, browserName: internet explorer, browserVersion: 11, javascriptEnabled: true, pageLoadStrategy: normal, platform: WINDOWS, platformName: WINDOWS, proxy: Proxy(), se:ieOptions: {browserAttachTimeout: 0, elementScrollBehavior: 0, enablePersistentHover: true, ie.browserCommandLineSwitches: , ie.ensureCleanSession: false, ie.fileUploadDialogTimeout: 3000, ie.forceCreateProcessApi: false, ignoreProtectedModeSettings: false, ignoreZoomSetting: false, initialBrowserUrl: http://localhost:22806/, nativeEvents: true, requireWindowFocus: false}, setWindowRect: true, timeouts: {implicit: 0, pageLoad: 300000, script: 30000}}Session ID: 2eda190e-81ef-495d-bd97-154be414c3c3at org.openqa.selenium.remote.http.W3CHttpResponseCodec.createException(W3CHttpResponseCodec.java:187)at org.openqa.selenium.remote.http.W3CHttpResponseCodec.decode(W3CHttpResponseCodec.java:122)at org.openqa.selenium.remote.http.W3CHttpResponseCodec.decode(W3CHttpResponseCodec.java:49)at org.openqa.selenium.remote.HttpCommandExecutor.execute(HttpCommandExecutor.java:164)at org.openqa.selenium.remote.service.DriverCommandExecutor.execute(DriverCommandExecutor.java:83)at org.openqa.selenium.remote.RemoteWebDriver.execute(RemoteWebDriver.java:600)at org.openqa.selenium.remote.RemoteWebDriver.execute(RemoteWebDriver.java:657)at org.openqa.selenium.ie.InternetExplorerDriver.getScreenshotAs(InternetExplorerDriver.java:235)at generic.ScreenShot.takeScreenshot(ScreenShot.java:21)at generic.BaseTest.closeApplication(BaseTest.java:119)... Removed 30 stack frames]]>
    </failure>
  </testcase> <!-- @AfterMethod closeApplication -->
  <testcase name="assetDataSetup" time="1000.402" classname="moduleLevel_Scenarios.CreateAsset_Test">
    <failure type="org.openqa.selenium.NoSuchWindowException" message="Currently focused window has been closed.
Build info: version: &amp;apos;3.7.1&amp;apos;, revision: &amp;apos;8a0099a&amp;apos;, time: &amp;apos;2017-11-06T21:07:36.161Z&amp;apos;
System info: host: &amp;apos;LWO-NIRUSHS&amp;apos;, ip: &amp;apos;192.168.32.151&amp;apos;, os.name: &amp;apos;Windows 10&amp;apos;, os.arch: &amp;apos;amd64&amp;apos;, os.version: &amp;apos;10.0&amp;apos;, java.version: &amp;apos;1.8.0_201&amp;apos;
Driver info: org.openqa.selenium.ie.InternetExplorerDriver
Capabilities {acceptInsecureCerts: false, browserName: internet explorer, browserVersion: 11, javascriptEnabled: true, pageLoadStrategy: normal, platform: WINDOWS, platformName: WINDOWS, proxy: Proxy(), se:ieOptions: {browserAttachTimeout: 0, elementScrollBehavior: 0, enablePersistentHover: true, ie.browserCommandLineSwitches: , ie.ensureCleanSession: false, ie.fileUploadDialogTimeout: 3000, ie.forceCreateProcessApi: false, ignoreProtectedModeSettings: false, ignoreZoomSetting: false, initialBrowserUrl: http://localhost:22806/, nativeEvents: true, requireWindowFocus: false}, setWindowRect: true, timeouts: {implicit: 0, pageLoad: 300000, script: 30000}}
Session ID: 2eda190e-81ef-495d-bd97-154be414c3c3
*** Element info: {Using=id, value=ctl00ctl04WebMenuControl_4}">
      <![CDATA[org.openqa.selenium.NoSuchWindowException: Currently focused window has been closed.Build info: version: '3.7.1', revision: '8a0099a', time: '2017-11-06T21:07:36.161Z'System info: host: 'LWO-NIRUSHS', ip: '192.168.32.151', os.name: 'Windows 10', os.arch: 'amd64', os.version: '10.0', java.version: '1.8.0_201'Driver info: org.openqa.selenium.ie.InternetExplorerDriverCapabilities {acceptInsecureCerts: false, browserName: internet explorer, browserVersion: 11, javascriptEnabled: true, pageLoadStrategy: normal, platform: WINDOWS, platformName: WINDOWS, proxy: Proxy(), se:ieOptions: {browserAttachTimeout: 0, elementScrollBehavior: 0, enablePersistentHover: true, ie.browserCommandLineSwitches: , ie.ensureCleanSession: false, ie.fileUploadDialogTimeout: 3000, ie.forceCreateProcessApi: false, ignoreProtectedModeSettings: false, ignoreZoomSetting: false, initialBrowserUrl: http://localhost:22806/, nativeEvents: true, requireWindowFocus: false}, setWindowRect: true, timeouts: {implicit: 0, pageLoad: 300000, script: 30000}}Session ID: 2eda190e-81ef-495d-bd97-154be414c3c3*** Element info: {Using=id, value=ctl00ctl04WebMenuControl_4}at org.openqa.selenium.remote.http.W3CHttpResponseCodec.createException(W3CHttpResponseCodec.java:187)at org.openqa.selenium.remote.http.W3CHttpResponseCodec.decode(W3CHttpResponseCodec.java:122)at org.openqa.selenium.remote.http.W3CHttpResponseCodec.decode(W3CHttpResponseCodec.java:49)at org.openqa.selenium.remote.HttpCommandExecutor.execute(HttpCommandExecutor.java:164)at org.openqa.selenium.remote.service.DriverCommandExecutor.execute(DriverCommandExecutor.java:83)at org.openqa.selenium.remote.RemoteWebDriver.execute(RemoteWebDriver.java:600)at org.openqa.selenium.remote.RemoteWebDriver.findElement(RemoteWebDriver.java:370)at org.openqa.selenium.remote.RemoteWebDriver.findElementById(RemoteWebDriver.java:416)at org.openqa.selenium.By$ById.findElement(By.java:218)at org.openqa.selenium.remote.RemoteWebDriver.findElement(RemoteWebDriver.java:362)at org.openqa.selenium.support.pagefactory.DefaultElementLocator.findElement(DefaultElementLocator.java:69)at org.openqa.selenium.support.pagefactory.internal.LocatingElementHandler.invoke(LocatingElementHandler.java:38)at com.sun.proxy.$Proxy11.toString(Unknown Source)at java.lang.String.valueOf(Unknown Source)at java.lang.StringBuilder.append(Unknown Source)at org.openqa.selenium.support.ui.ExpectedConditions$23.toString(ExpectedConditions.java:685)at java.lang.String.valueOf(Unknown Source)at java.lang.StringBuilder.append(Unknown Source)at org.openqa.selenium.support.ui.FluentWait.until(FluentWait.java:227)at generic.DynamicWait.webDriverWait(DynamicWait.java:22)at pom.AssetMenuPage.clickOnAssetMenu(AssetMenuPage.java:64)at moduleLevelTestScripts.CreateAsset_Script.assetCreation(CreateAsset_Script.java:28)at moduleLevel_Scenarios.CreateAsset_Test.assetDataSetup(CreateAsset_Test.java:21)... Removed 27 stack frames]]>
    </failure>
  </testcase> <!-- assetDataSetup -->
</testsuite> <!-- Test -->
