<?xml version="1.0" encoding="UTF-8"?>
<testng-results skipped="0" failed="0" ignored="0" total="1" passed="1">
  <reporter-output>
  </reporter-output>
  <suite name="Default suite" duration-ms="7741" started-at="2019-11-06T10:34:58Z" finished-at="2019-11-06T10:35:06Z">
    <groups>
    </groups>
    <test name="Default test" duration-ms="7741" started-at="2019-11-06T10:34:58Z" finished-at="2019-11-06T10:35:06Z">
      <class name="test.TestClass">
        <test-method status="PASS" signature="test2()[pri:0, instance:test.TestClass@86be70a]" name="test2" duration-ms="7722" started-at="2019-11-06T10:34:58Z" finished-at="2019-11-06T10:35:06Z">
          <reporter-output>
          </reporter-output>
        </test-method> <!-- test2 -->
      </class> <!-- test.TestClass -->
    </test> <!-- Default test -->
  </suite> <!-- Default suite -->
</testng-results>
